# JRE version: OpenJDK Runtime Environment (11.0.11+9) (build 11.0.11+9-b60-7590822)
# Java VM: OpenJDK 64-Bit Server VM (11.0.11+9-b60-7590822, mixed mode, tiered, compressed oops, g1 gc, windows-amd64)
Heap:
 garbage-first heap   total 315392K, used 224196K [0x0000000080000000, 0x0000000100000000)
  region size 1024K, 55 young (56320K), 9 survivors (9216K)
 Metaspace       used 139240K, capacity 143889K, committed 144236K, reserved 1175552K
  class space    used 17356K, capacity 19000K, committed 19096K, reserved 1048576K
GC Heap History (20 events):
Event: 4662.043 GC heap before
{Heap before GC invocations=28 (full 0):
 garbage-first heap   total 315392K, used 239299K [0x0000000080000000, 0x0000000100000000)
  region size 1024K, 91 young (93184K), 2 survivors (2048K)
 Metaspace       used 128946K, capacity 132905K, committed 133356K, reserved 1165312K
  class space    used 16279K, capacity 17684K, committed 17944K, reserved 1048576K
}
Event: 4662.068 GC heap after
{Heap after GC invocations=29 (full 0):
 garbage-first heap   total 315392K, used 158457K [0x0000000080000000, 0x0000000100000000)
  region size 1024K, 10 young (10240K), 10 survivors (10240K)
 Metaspace       used 128946K, capacity 132905K, committed 133356K, reserved 1165312K
  class space    used 16279K, capacity 17684K, committed 17944K, reserved 1048576K
}
Event: 4664.497 GC heap before
{Heap before GC invocations=30 (full 0):
 garbage-first heap   total 315392K, used 272121K [0x0000000080000000, 0x0000000100000000)
  region size 1024K, 105 young (107520K), 10 survivors (10240K)
 Metaspace       used 131668K, capacity 135499K, committed 136044K, reserved 1167360K
  class space    used 16493K, capacity 17848K, committed 18072K, reserved 1048576K
}
Event: 4664.519 GC heap after
{Heap after GC invocations=31 (full 0):
 garbage-first heap   total 315392K, used 164905K [0x0000000080000000, 0x0000000100000000)
  region size 1024K, 7 young (7168K), 7 survivors (7168K)
 Metaspace       used 131668K, capacity 135499K, committed 136044K, reserved 1167360K
  class space    used 16493K, capacity 17848K, committed 18072K, reserved 1048576K
}
Event: 4664.628 GC heap before
{Heap before GC invocations=31 (full 0):
 garbage-first heap   total 315392K, used 173097K [0x0000000080000000, 0x0000000100000000)
  region size 1024K, 15 young (15360K), 7 survivors (7168K)
 Metaspace       used 131776K, capacity 135627K, committed 136044K, reserved 1167360K
  class space    used 16504K, capacity 17848K, committed 18072K, reserved 1048576K
}
Event: 4664.639 GC heap after
{Heap after GC invocations=32 (full 0):
 garbage-first heap   total 315392K, used 162568K [0x0000000080000000, 0x0000000100000000)
  region size 1024K, 2 young (2048K), 2 survivors (2048K)
 Metaspace       used 131776K, capacity 135627K, committed 136044K, reserved 1167360K
  class space    used 16504K, capacity 17848K, committed 18072K, reserved 1048576K
}
Event: 4665.824 GC heap before
{Heap before GC invocations=32 (full 0):
 garbage-first heap   total 315392K, used 257800K [0x0000000080000000, 0x0000000100000000)
  region size 1024K, 96 young (98304K), 2 survivors (2048K)
 Metaspace       used 133103K, capacity 136968K, committed 137196K, reserved 1169408K
  class space    used 16663K, capacity 18009K, committed 18200K, reserved 1048576K
}
Event: 4665.836 GC heap after
{Heap after GC invocations=33 (full 0):
 garbage-first heap   total 315392K, used 167688K [0x0000000080000000, 0x0000000100000000)
  region size 1024K, 7 young (7168K), 7 survivors (7168K)
 Metaspace       used 133103K, capacity 136968K, committed 137196K, reserved 1169408K
  class space    used 16663K, capacity 18009K, committed 18200K, reserved 1048576K
}
Event: 4842.616 GC heap before
{Heap before GC invocations=34 (full 0):
 garbage-first heap   total 315392K, used 260872K [0x0000000080000000, 0x0000000100000000)
  region size 1024K, 99 young (101376K), 7 survivors (7168K)
 Metaspace       used 135847K, capacity 139953K, committed 140268K, reserved 1171456K
  class space    used 16997K, capacity 18380K, committed 18456K, reserved 1048576K
}
Event: 4842.631 GC heap after
{Heap after GC invocations=35 (full 0):
 garbage-first heap   total 315392K, used 174156K [0x0000000080000000, 0x0000000100000000)
  region size 1024K, 13 young (13312K), 13 survivors (13312K)
 Metaspace       used 135847K, capacity 139953K, committed 140268K, reserved 1171456K
  class space    used 16997K, capacity 18380K, committed 18456K, reserved 1048576K
}
Event: 4842.664 GC heap before
{Heap before GC invocations=35 (full 0):
 garbage-first heap   total 315392K, used 176204K [0x0000000080000000, 0x0000000100000000)
  region size 1024K, 15 young (15360K), 13 survivors (13312K)
 Metaspace       used 135868K, capacity 140041K, committed 140268K, reserved 1171456K
  class space    used 16999K, capacity 18384K, committed 18456K, reserved 1048576K
}
Event: 4842.686 GC heap after
{Heap after GC invocations=36 (full 0):
 garbage-first heap   total 315392K, used 166501K [0x0000000080000000, 0x0000000100000000)
  region size 1024K, 2 young (2048K), 2 survivors (2048K)
 Metaspace       used 135868K, capacity 140041K, committed 140268K, reserved 1171456K
  class space    used 16999K, capacity 18384K, committed 18456K, reserved 1048576K
}
Event: 5587.486 GC heap before
{Heap before GC invocations=36 (full 0):
 garbage-first heap   total 315392K, used 258661K [0x0000000080000000, 0x0000000100000000)
  region size 1024K, 93 young (95232K), 2 survivors (2048K)
 Metaspace       used 136680K, capacity 141042K, committed 141292K, reserved 1171456K
  class space    used 17106K, capacity 18593K, committed 18712K, reserved 1048576K
}
Event: 5587.504 GC heap after
{Heap after GC invocations=37 (full 0):
 garbage-first heap   total 315392K, used 172645K [0x0000000080000000, 0x0000000100000000)
  region size 1024K, 8 young (8192K), 8 survivors (8192K)
 Metaspace       used 136680K, capacity 141042K, committed 141292K, reserved 1171456K
  class space    used 17106K, capacity 18593K, committed 18712K, reserved 1048576K
}
Event: 5594.359 GC heap before
{Heap before GC invocations=38 (full 0):
 garbage-first heap   total 315392K, used 261733K [0x0000000080000000, 0x0000000100000000)
  region size 1024K, 96 young (98304K), 8 survivors (8192K)
 Metaspace       used 138322K, capacity 142809K, committed 143084K, reserved 1173504K
  class space    used 17259K, capacity 18832K, committed 18968K, reserved 1048576K
}
Event: 5594.379 GC heap after
{Heap after GC invocations=39 (full 0):
 garbage-first heap   total 315392K, used 179856K [0x0000000080000000, 0x0000000100000000)
  region size 1024K, 8 young (8192K), 8 survivors (8192K)
 Metaspace       used 138322K, capacity 142809K, committed 143084K, reserved 1173504K
  class space    used 17259K, capacity 18832K, committed 18968K, reserved 1048576K
}
Event: 5594.582 GC heap before
{Heap before GC invocations=39 (full 0):
 garbage-first heap   total 315392K, used 186000K [0x0000000080000000, 0x0000000100000000)
  region size 1024K, 15 young (15360K), 8 survivors (8192K)
 Metaspace       used 138322K, capacity 142809K, committed 143084K, reserved 1173504K
  class space    used 17259K, capacity 18832K, committed 18968K, reserved 1048576K
}
Event: 5594.604 GC heap after
{Heap after GC invocations=40 (full 0):
 garbage-first heap   total 315392K, used 169308K [0x0000000080000000, 0x0000000100000000)
  region size 1024K, 2 young (2048K), 2 survivors (2048K)
 Metaspace       used 138322K, capacity 142809K, committed 143084K, reserved 1173504K
  class space    used 17259K, capacity 18832K, committed 18968K, reserved 1048576K
}
Event: 5671.074 GC heap before
{Heap before GC invocations=40 (full 0):
 garbage-first heap   total 315392K, used 260444K [0x0000000080000000, 0x0000000100000000)
  region size 1024K, 91 young (93184K), 2 survivors (2048K)
 Metaspace       used 139205K, capacity 143920K, committed 143980K, reserved 1175552K
  class space    used 17368K, capacity 19038K, committed 19096K, reserved 1048576K
}
Event: 5671.103 GC heap after
{Heap after GC invocations=41 (full 0):
 garbage-first heap   total 315392K, used 177092K [0x0000000080000000, 0x0000000100000000)
  region size 1024K, 9 young (9216K), 9 survivors (9216K)
 Metaspace       used 139205K, capacity 143920K, committed 143980K, reserved 1175552K
  class space    used 17368K, capacity 19038K, committed 19096K, reserved 1048576K
}

