# JRE version: OpenJDK Runtime Environment (11.0.11+9) (build 11.0.11+9-b60-7590822)
# Java VM: OpenJDK 64-Bit Server VM (11.0.11+9-b60-7590822, mixed mode, tiered, compressed oops, g1 gc, windows-amd64)
Heap:
 garbage-first heap   total 378880K, used 249179K [0x0000000080000000, 0x0000000100000000)
  region size 1024K, 52 young (53248K), 5 survivors (5120K)
 Metaspace       used 145899K, capacity 150531K, committed 150904K, reserved 1181696K
  class space    used 18162K, capacity 19721K, committed 19840K, reserved 1048576K
GC Heap History (20 events):
Event: 2512.356 GC heap before
{Heap before GC invocations=66 (full 0):
 garbage-first heap   total 262144K, used 202519K [0x0000000080000000, 0x0000000100000000)
  region size 1024K, 31 young (31744K), 4 survivors (4096K)
 Metaspace       used 139136K, capacity 143541K, committed 143608K, reserved 1175552K
  class space    used 17200K, capacity 18671K, committed 18688K, reserved 1048576K
}
Event: 2512.367 GC heap after
{Heap after GC invocations=67 (full 0):
 garbage-first heap   total 262144K, used 180397K [0x0000000080000000, 0x0000000100000000)
  region size 1024K, 4 young (4096K), 4 survivors (4096K)
 Metaspace       used 139136K, capacity 143541K, committed 143608K, reserved 1175552K
  class space    used 17200K, capacity 18671K, committed 18688K, reserved 1048576K
}
Event: 2512.456 GC heap before
{Heap before GC invocations=67 (full 0):
 garbage-first heap   total 262144K, used 188589K [0x0000000080000000, 0x0000000100000000)
  region size 1024K, 12 young (12288K), 4 survivors (4096K)
 Metaspace       used 139178K, capacity 143605K, committed 143864K, reserved 1175552K
  class space    used 17200K, capacity 18671K, committed 18688K, reserved 1048576K
}
Event: 2512.471 GC heap after
{Heap after GC invocations=68 (full 0):
 garbage-first heap   total 262144K, used 156821K [0x0000000080000000, 0x0000000100000000)
  region size 1024K, 1 young (1024K), 1 survivors (1024K)
 Metaspace       used 139178K, capacity 143605K, committed 143864K, reserved 1175552K
  class space    used 17200K, capacity 18671K, committed 18688K, reserved 1048576K
}
Event: 2512.580 GC heap before
{Heap before GC invocations=68 (full 0):
 garbage-first heap   total 262144K, used 168085K [0x0000000080000000, 0x0000000100000000)
  region size 1024K, 12 young (12288K), 1 survivors (1024K)
 Metaspace       used 139198K, capacity 143606K, committed 143864K, reserved 1175552K
  class space    used 17200K, capacity 18671K, committed 18688K, reserved 1048576K
}
Event: 2512.594 GC heap after
{Heap after GC invocations=69 (full 0):
 garbage-first heap   total 315392K, used 155924K [0x0000000080000000, 0x0000000100000000)
  region size 1024K, 1 young (1024K), 1 survivors (1024K)
 Metaspace       used 139198K, capacity 143606K, committed 143864K, reserved 1175552K
  class space    used 17200K, capacity 18671K, committed 18688K, reserved 1048576K
}
Event: 2513.252 GC heap before
{Heap before GC invocations=69 (full 0):
 garbage-first heap   total 315392K, used 181524K [0x0000000080000000, 0x0000000100000000)
  region size 1024K, 28 young (28672K), 1 survivors (1024K)
 Metaspace       used 140095K, capacity 144497K, committed 144760K, reserved 1175552K
  class space    used 17280K, capacity 18776K, committed 18816K, reserved 1048576K
}
Event: 2513.258 GC heap after
{Heap after GC invocations=70 (full 0):
 garbage-first heap   total 315392K, used 156283K [0x0000000080000000, 0x0000000100000000)
  region size 1024K, 2 young (2048K), 2 survivors (2048K)
 Metaspace       used 140095K, capacity 144497K, committed 144760K, reserved 1175552K
  class space    used 17280K, capacity 18776K, committed 18816K, reserved 1048576K
}
Event: 2514.334 GC heap before
{Heap before GC invocations=71 (full 0):
 garbage-first heap   total 315392K, used 226939K [0x0000000080000000, 0x0000000100000000)
  region size 1024K, 67 young (68608K), 2 survivors (2048K)
 Metaspace       used 140552K, capacity 145025K, committed 145272K, reserved 1175552K
  class space    used 17308K, capacity 18777K, committed 18816K, reserved 1048576K
}
Event: 2514.344 GC heap after
{Heap after GC invocations=72 (full 0):
 garbage-first heap   total 315392K, used 157212K [0x0000000080000000, 0x0000000100000000)
  region size 1024K, 5 young (5120K), 5 survivors (5120K)
 Metaspace       used 140552K, capacity 145025K, committed 145272K, reserved 1175552K
  class space    used 17308K, capacity 18777K, committed 18816K, reserved 1048576K
}
Event: 2514.619 GC heap before
{Heap before GC invocations=72 (full 0):
 garbage-first heap   total 315392K, used 166428K [0x0000000080000000, 0x0000000100000000)
  region size 1024K, 15 young (15360K), 5 survivors (5120K)
 Metaspace       used 140604K, capacity 145098K, committed 145272K, reserved 1175552K
  class space    used 17310K, capacity 18780K, committed 18816K, reserved 1048576K
}
Event: 2514.627 GC heap after
{Heap after GC invocations=73 (full 0):
 garbage-first heap   total 315392K, used 156944K [0x0000000080000000, 0x0000000100000000)
  region size 1024K, 2 young (2048K), 2 survivors (2048K)
 Metaspace       used 140604K, capacity 145098K, committed 145272K, reserved 1175552K
  class space    used 17310K, capacity 18780K, committed 18816K, reserved 1048576K
}
Event: 2515.169 GC heap before
{Heap before GC invocations=73 (full 0):
 garbage-first heap   total 315392K, used 209168K [0x0000000080000000, 0x0000000100000000)
  region size 1024K, 55 young (56320K), 2 survivors (2048K)
 Metaspace       used 141048K, capacity 145472K, committed 145656K, reserved 1175552K
  class space    used 17367K, capacity 18836K, committed 18944K, reserved 1048576K
}
Event: 2515.181 GC heap after
{Heap after GC invocations=74 (full 0):
 garbage-first heap   total 315392K, used 161509K [0x0000000080000000, 0x0000000100000000)
  region size 1024K, 6 young (6144K), 6 survivors (6144K)
 Metaspace       used 141048K, capacity 145472K, committed 145656K, reserved 1175552K
  class space    used 17367K, capacity 18836K, committed 18944K, reserved 1048576K
}
Event: 2517.176 GC heap before
{Heap before GC invocations=75 (full 0):
 garbage-first heap   total 315392K, used 263909K [0x0000000080000000, 0x0000000100000000)
  region size 1024K, 77 young (78848K), 6 survivors (6144K)
 Metaspace       used 143675K, capacity 148215K, committed 148344K, reserved 1179648K
  class space    used 17686K, capacity 19205K, committed 19328K, reserved 1048576K
}
Event: 2517.197 GC heap after
{Heap after GC invocations=76 (full 0):
 garbage-first heap   total 315392K, used 199404K [0x0000000080000000, 0x0000000100000000)
  region size 1024K, 10 young (10240K), 10 survivors (10240K)
 Metaspace       used 143675K, capacity 148215K, committed 148344K, reserved 1179648K
  class space    used 17686K, capacity 19205K, committed 19328K, reserved 1048576K
}
Event: 2517.220 GC heap before
{Heap before GC invocations=76 (full 0):
 garbage-first heap   total 315392K, used 203500K [0x0000000080000000, 0x0000000100000000)
  region size 1024K, 15 young (15360K), 10 survivors (10240K)
 Metaspace       used 143677K, capacity 148215K, committed 148344K, reserved 1179648K
  class space    used 17686K, capacity 19205K, committed 19328K, reserved 1048576K
}
Event: 2517.240 GC heap after
{Heap after GC invocations=77 (full 0):
 garbage-first heap   total 378880K, used 198164K [0x0000000080000000, 0x0000000100000000)
  region size 1024K, 2 young (2048K), 2 survivors (2048K)
 Metaspace       used 143677K, capacity 148215K, committed 148344K, reserved 1179648K
  class space    used 17686K, capacity 19205K, committed 19328K, reserved 1048576K
}
Event: 2517.323 GC heap before
{Heap before GC invocations=77 (full 0):
 garbage-first heap   total 378880K, used 205332K [0x0000000080000000, 0x0000000100000000)
  region size 1024K, 10 young (10240K), 2 survivors (2048K)
 Metaspace       used 143677K, capacity 148215K, committed 148344K, reserved 1179648K
  class space    used 17686K, capacity 19205K, committed 19328K, reserved 1048576K
}
Event: 2517.337 GC heap after
{Heap after GC invocations=78 (full 0):
 garbage-first heap   total 378880K, used 201051K [0x0000000080000000, 0x0000000100000000)
  region size 1024K, 5 young (5120K), 5 survivors (5120K)
 Metaspace       used 143677K, capacity 148215K, committed 148344K, reserved 1179648K
  class space    used 17686K, capacity 19205K, committed 19328K, reserved 1048576K
}

